Reading netlist file: "/home/maddog/Documentos/Verilog/Primer/negado/impl/gwsynthesis/negado.vg"
Parsing netlist file "/home/maddog/Documentos/Verilog/Primer/negado/impl/gwsynthesis/negado.vg" completed
Processing netlist completed
Reading constraint file: "/home/maddog/Documentos/Verilog/Primer/negado/src/negado.cst"
Physical Constraint parsed completed
Running placement......
[10%] Placement Phase 0 completed
[20%] Placement Phase 1 completed
[30%] Placement Phase 2 completed
[50%] Placement Phase 3 completed
Running routing......
[60%] Routing Phase 0 completed
[70%] Routing Phase 1 completed
[80%] Routing Phase 2 completed
[90%] Routing Phase 3 completed
Running timing analysis......
[95%] Timing analysis completed
Placement and routing completed
Bitstream generation in progress......
Bitstream generation completed
Running power analysis......
[100%] Power analysis completed
Generate file "/home/maddog/Documentos/Verilog/Primer/negado/impl/pnr/negado.power.html" completed
Generate file "/home/maddog/Documentos/Verilog/Primer/negado/impl/pnr/negado.pin.html" completed
Generate file "/home/maddog/Documentos/Verilog/Primer/negado/impl/pnr/negado.rpt.html" completed
Generate file "/home/maddog/Documentos/Verilog/Primer/negado/impl/pnr/negado.rpt.txt" completed
Generate file "/home/maddog/Documentos/Verilog/Primer/negado/impl/pnr/negado.tr.html" completed
Fri Apr 24 21:35:42 2026

