GowinSynthesis start
Running parser ...
Analyzing Verilog file '/home/maddog/Documentos/Verilog/DSD/FlipFlopD/src/FlipFlopD.v'
Compiling module 'FlipFlopD'("/home/maddog/Documentos/Verilog/DSD/FlipFlopD/src/FlipFlopD.v":1)
NOTE  (EX0101) : Current top module is "FlipFlopD"
WARN  (AG0100) : Find logical loop signal : "n6"("/home/maddog/Documentos/Verilog/DSD/FlipFlopD/src/FlipFlopD.v":16)
WARN  (AG0100) : Find logical loop signal : "q1"("/home/maddog/Documentos/Verilog/DSD/FlipFlopD/src/FlipFlopD.v":16)
WARN  (AG0100) : Find logical loop signal : "n8"("/home/maddog/Documentos/Verilog/DSD/FlipFlopD/src/FlipFlopD.v":17)
WARN  (AG0100) : Find logical loop signal : "q2"("/home/maddog/Documentos/Verilog/DSD/FlipFlopD/src/FlipFlopD.v":17)
WARN  (AG0100) : Find logical loop signal : "n6"("/home/maddog/Documentos/Verilog/DSD/FlipFlopD/src/FlipFlopD.v":16)
WARN  (AG0101) : The netlist is not one directed acyclic graph
WARN  (AG0100) : Find logical loop signal : "n4"("/home/maddog/Documentos/Verilog/DSD/FlipFlopD/src/FlipFlopD.v":15)
WARN  (AG0100) : Find logical loop signal : "q4"("/home/maddog/Documentos/Verilog/DSD/FlipFlopD/src/FlipFlopD.v":15)
WARN  (AG0100) : Find logical loop signal : "n11"("/home/maddog/Documentos/Verilog/DSD/FlipFlopD/src/FlipFlopD.v":18)
WARN  (AG0100) : Find logical loop signal : "q3"("/home/maddog/Documentos/Verilog/DSD/FlipFlopD/src/FlipFlopD.v":18)
WARN  (AG0100) : Find logical loop signal : "n4"("/home/maddog/Documentos/Verilog/DSD/FlipFlopD/src/FlipFlopD.v":15)
WARN  (AG0101) : The netlist is not one directed acyclic graph
WARN  (AG0100) : Find logical loop signal : "n13"("/home/maddog/Documentos/Verilog/DSD/FlipFlopD/src/FlipFlopD.v":19)
WARN  (AG0100) : Find logical loop signal : "Q"("/home/maddog/Documentos/Verilog/DSD/FlipFlopD/src/FlipFlopD.v":19)
WARN  (AG0100) : Find logical loop signal : "n15"("/home/maddog/Documentos/Verilog/DSD/FlipFlopD/src/FlipFlopD.v":20)
WARN  (AG0100) : Find logical loop signal : "Qn"("/home/maddog/Documentos/Verilog/DSD/FlipFlopD/src/FlipFlopD.v":20)
WARN  (AG0100) : Find logical loop signal : "n13"("/home/maddog/Documentos/Verilog/DSD/FlipFlopD/src/FlipFlopD.v":19)
WARN  (AG0101) : The netlist is not one directed acyclic graph
[5%] Running netlist conversion ...
WARN  (CV0016) : Input clr is unused("/home/maddog/Documentos/Verilog/DSD/FlipFlopD/src/FlipFlopD.v":4)
Running device independent optimization ...
[10%] Optimizing Phase 0 completed
[15%] Optimizing Phase 1 completed
[25%] Optimizing Phase 2 completed
Running inference ...
[30%] Inferring Phase 0 completed
[40%] Inferring Phase 1 completed
[50%] Inferring Phase 2 completed
[55%] Inferring Phase 3 completed
Running technical mapping ...
[60%] Tech-Mapping Phase 0 completed
[65%] Tech-Mapping Phase 1 completed
[75%] Tech-Mapping Phase 2 completed
[80%] Tech-Mapping Phase 3 completed
[90%] Tech-Mapping Phase 4 completed
[95%] Generate netlist file "/home/maddog/Documentos/Verilog/DSD/FlipFlopD/impl/gwsynthesis/FlipFlopD.vg" completed
[100%] Generate report file "/home/maddog/Documentos/Verilog/DSD/FlipFlopD/impl/gwsynthesis/FlipFlopD_syn.rpt.html" completed
GowinSynthesis finish
