GowinSynthesis start
Running parser ...
Analyzing Verilog file '/home/maddog/Documentos/Programacion/Verilog/EjemplosYPruebas/AutomataAW/src/d_ff.v'
Analyzing Verilog file '/home/maddog/Documentos/Programacion/Verilog/EjemplosYPruebas/AutomataAW/src/divisor_frecuencia.v'
Analyzing Verilog file '/home/maddog/Documentos/Programacion/Verilog/EjemplosYPruebas/AutomataAW/src/moore_fsm_structural.v'
Analyzing Verilog file '/home/maddog/Documentos/Programacion/Verilog/EjemplosYPruebas/AutomataAW/src/top_moore.v'
Compiling module 'top_moore'("/home/maddog/Documentos/Programacion/Verilog/EjemplosYPruebas/AutomataAW/src/top_moore.v":1)
Compiling module 'divisor_frecuencia'("/home/maddog/Documentos/Programacion/Verilog/EjemplosYPruebas/AutomataAW/src/divisor_frecuencia.v":1)
WARN  (EX3791) : Expression size 27 truncated to fit in target size 26("/home/maddog/Documentos/Programacion/Verilog/EjemplosYPruebas/AutomataAW/src/divisor_frecuencia.v":27)
Compiling module 'd_ff'("/home/maddog/Documentos/Programacion/Verilog/EjemplosYPruebas/AutomataAW/src/d_ff.v":1)
NOTE  (EX0101) : Current top module is "top_moore"
[5%] Running netlist conversion ...
Running device independent optimization ...
[10%] Optimizing Phase 0 completed
[15%] Optimizing Phase 1 completed
[25%] Optimizing Phase 2 completed
Running inference ...
[30%] Inferring Phase 0 completed
[40%] Inferring Phase 1 completed
[50%] Inferring Phase 2 completed
[55%] Inferring Phase 3 completed
Running technical mapping ...
[60%] Tech-Mapping Phase 0 completed
[65%] Tech-Mapping Phase 1 completed
[75%] Tech-Mapping Phase 2 completed
[80%] Tech-Mapping Phase 3 completed
[90%] Tech-Mapping Phase 4 completed
[95%] Generate netlist file "/home/maddog/Documentos/Programacion/Verilog/EjemplosYPruebas/AutomataAW/impl/gwsynthesis/AutomataAW.vg" completed
[100%] Generate report file "/home/maddog/Documentos/Programacion/Verilog/EjemplosYPruebas/AutomataAW/impl/gwsynthesis/AutomataAW_syn.rpt.html" completed
GowinSynthesis finish
