Reading netlist file: "/home/maddog/Documentos/Verilog/DSD/FlipFlopD/impl/gwsynthesis/FlipFlopD.vg"
Parsing netlist file "/home/maddog/Documentos/Verilog/DSD/FlipFlopD/impl/gwsynthesis/FlipFlopD.vg" completed
Processing netlist completed
Running placement......
[10%] Placement Phase 0 completed
[20%] Placement Phase 1 completed
[30%] Placement Phase 2 completed
[50%] Placement Phase 3 completed
Running routing......
[60%] Routing Phase 0 completed
[70%] Routing Phase 1 completed
[80%] Routing Phase 2 completed
[90%] Routing Phase 3 completed
Running timing analysis......
[95%] Timing analysis completed
Placement and routing completed
Bitstream generation in progress......
Bitstream generation completed
Running power analysis......
[100%] Power analysis completed
Generate file "/home/maddog/Documentos/Verilog/DSD/FlipFlopD/impl/pnr/FlipFlopD.power.html" completed
Generate file "/home/maddog/Documentos/Verilog/DSD/FlipFlopD/impl/pnr/FlipFlopD.pin.html" completed
Generate file "/home/maddog/Documentos/Verilog/DSD/FlipFlopD/impl/pnr/FlipFlopD.rpt.html" completed
Generate file "/home/maddog/Documentos/Verilog/DSD/FlipFlopD/impl/pnr/FlipFlopD.rpt.txt" completed
Generate file "/home/maddog/Documentos/Verilog/DSD/FlipFlopD/impl/pnr/FlipFlopD.tr.html" completed
Sun Apr 19 12:56:04 2026

