Reading netlist file: "/home/maddog/Documentos/Programacion/Verilog/EjemplosYPruebas/ContadorLetras/impl/gwsynthesis/ContadorLetras.vg"
Parsing netlist file "/home/maddog/Documentos/Programacion/Verilog/EjemplosYPruebas/ContadorLetras/impl/gwsynthesis/ContadorLetras.vg" completed
Processing netlist completed
Reading constraint file: "/home/maddog/Documentos/Programacion/Verilog/EjemplosYPruebas/ContadorLetras/src/ContadorLetras.cst"
Physical Constraint parsed completed
Running placement......
[10%] Placement Phase 0 completed
[20%] Placement Phase 1 completed
[30%] Placement Phase 2 completed
WARN  (TA1132) :  'clk' was determined to be a clock but was not created.
WARN  (TA1132) :  'led_d' was determined to be a clock but was not created.
[50%] Placement Phase 3 completed
Running routing......
[60%] Routing Phase 0 completed
[70%] Routing Phase 1 completed
[80%] Routing Phase 2 completed
[90%] Routing Phase 3 completed
Running timing analysis......
[95%] Timing analysis completed
Placement and routing completed
Bitstream generation in progress......
Bitstream generation completed
Running power analysis......
[100%] Power analysis completed
Generate file "/home/maddog/Documentos/Programacion/Verilog/EjemplosYPruebas/ContadorLetras/impl/pnr/ContadorLetras.power.html" completed
Generate file "/home/maddog/Documentos/Programacion/Verilog/EjemplosYPruebas/ContadorLetras/impl/pnr/ContadorLetras.pin.html" completed
Generate file "/home/maddog/Documentos/Programacion/Verilog/EjemplosYPruebas/ContadorLetras/impl/pnr/ContadorLetras.rpt.html" completed
Generate file "/home/maddog/Documentos/Programacion/Verilog/EjemplosYPruebas/ContadorLetras/impl/pnr/ContadorLetras.rpt.txt" completed
Generate file "/home/maddog/Documentos/Programacion/Verilog/EjemplosYPruebas/ContadorLetras/impl/pnr/ContadorLetras.tr.html" completed
Sat May  9 07:47:51 2026

