Reading netlist file: "/home/maddog/Documentos/Verilog/Verilog/TangNano9K/Contador/impl/gwsynthesis/Contador.vg"
Parsing netlist file "/home/maddog/Documentos/Verilog/Verilog/TangNano9K/Contador/impl/gwsynthesis/Contador.vg" completed
Processing netlist completed
Reading constraint file: "/home/maddog/Documentos/Verilog/Verilog/TangNano9K/Contador/src/Contador.cst"
Physical Constraint parsed completed
Running placement......
[10%] Placement Phase 0 completed
[20%] Placement Phase 1 completed
[30%] Placement Phase 2 completed
WARN  (TA1132) :  'clk' was determined to be a clock but was not created.
WARN  (TA1132) :  'led_d' was determined to be a clock but was not created.
[50%] Placement Phase 3 completed
Running routing......
[60%] Routing Phase 0 completed
[70%] Routing Phase 1 completed
[80%] Routing Phase 2 completed
[90%] Routing Phase 3 completed
Running timing analysis......
[95%] Timing analysis completed
Placement and routing completed
Bitstream generation in progress......
Bitstream generation completed
Running power analysis......
[100%] Power analysis completed
Generate file "/home/maddog/Documentos/Verilog/Verilog/TangNano9K/Contador/impl/pnr/Contador.power.html" completed
Generate file "/home/maddog/Documentos/Verilog/Verilog/TangNano9K/Contador/impl/pnr/Contador.pin.html" completed
Generate file "/home/maddog/Documentos/Verilog/Verilog/TangNano9K/Contador/impl/pnr/Contador.rpt.html" completed
Generate file "/home/maddog/Documentos/Verilog/Verilog/TangNano9K/Contador/impl/pnr/Contador.rpt.txt" completed
Generate file "/home/maddog/Documentos/Verilog/Verilog/TangNano9K/Contador/impl/pnr/Contador.tr.html" completed
Wed May  6 12:41:49 2026

