Reading netlist file: "/home/maddog/Documentos/Programacion/Verilog/EjemplosYPruebas/Display/impl/gwsynthesis/Display.vg"
Parsing netlist file "/home/maddog/Documentos/Programacion/Verilog/EjemplosYPruebas/Display/impl/gwsynthesis/Display.vg" completed
Processing netlist completed
Reading constraint file: "/home/maddog/Documentos/Programacion/Verilog/EjemplosYPruebas/Display/src/Display.cst"
Physical Constraint parsed completed
Running placement......
[10%] Placement Phase 0 completed
[20%] Placement Phase 1 completed
[30%] Placement Phase 2 completed
[50%] Placement Phase 3 completed
Running routing......
[60%] Routing Phase 0 completed
[70%] Routing Phase 1 completed
[80%] Routing Phase 2 completed
[90%] Routing Phase 3 completed
Running timing analysis......
[95%] Timing analysis completed
Placement and routing completed
Bitstream generation in progress......
Bitstream generation completed
Running power analysis......
[100%] Power analysis completed
Generate file "/home/maddog/Documentos/Programacion/Verilog/EjemplosYPruebas/Display/impl/pnr/Display.power.html" completed
Generate file "/home/maddog/Documentos/Programacion/Verilog/EjemplosYPruebas/Display/impl/pnr/Display.pin.html" completed
Generate file "/home/maddog/Documentos/Programacion/Verilog/EjemplosYPruebas/Display/impl/pnr/Display.rpt.html" completed
Generate file "/home/maddog/Documentos/Programacion/Verilog/EjemplosYPruebas/Display/impl/pnr/Display.rpt.txt" completed
Generate file "/home/maddog/Documentos/Programacion/Verilog/EjemplosYPruebas/Display/impl/pnr/Display.tr.html" completed
Wed May  6 14:24:07 2026

