Reading netlist file: "/home/maddog/Documentos/Verilog/DSD/Reloj/Reloj/impl/gwsynthesis/Reloj.vg"
Parsing netlist file "/home/maddog/Documentos/Verilog/DSD/Reloj/Reloj/impl/gwsynthesis/Reloj.vg" completed
Processing netlist completed
Reading constraint file: "/home/maddog/Documentos/Verilog/DSD/Reloj/Reloj/src/Reloj.cst"
Physical Constraint parsed completed
Running placement......
[10%] Placement Phase 0 completed
[20%] Placement Phase 1 completed
[30%] Placement Phase 2 completed
WARN  (TA1132) :  'clk' was determined to be a clock but was not created.
[50%] Placement Phase 3 completed
Running routing......
[60%] Routing Phase 0 completed
[70%] Routing Phase 1 completed
[80%] Routing Phase 2 completed
[90%] Routing Phase 3 completed
Running timing analysis......
[95%] Timing analysis completed
Placement and routing completed
Bitstream generation in progress......
Bitstream generation completed
Running power analysis......
[100%] Power analysis completed
Generate file "/home/maddog/Documentos/Verilog/DSD/Reloj/Reloj/impl/pnr/Reloj.power.html" completed
Generate file "/home/maddog/Documentos/Verilog/DSD/Reloj/Reloj/impl/pnr/Reloj.pin.html" completed
Generate file "/home/maddog/Documentos/Verilog/DSD/Reloj/Reloj/impl/pnr/Reloj.rpt.html" completed
Generate file "/home/maddog/Documentos/Verilog/DSD/Reloj/Reloj/impl/pnr/Reloj.rpt.txt" completed
Generate file "/home/maddog/Documentos/Verilog/DSD/Reloj/Reloj/impl/pnr/Reloj.tr.html" completed
Sun Apr 19 08:24:54 2026

