GowinSynthesis start
Running parser ...
Analyzing Verilog file '/home/maddog/Documentos/Programacion/Verilog/TangNano9K/DisplayLetras/src/decoDisplayLetras.v'
Compiling module 'decoDisplayLetras'("/home/maddog/Documentos/Programacion/Verilog/TangNano9K/DisplayLetras/src/decoDisplayLetras.v":1)
WARN  (EX2420) : Latch inferred for net 'display[6]'; We do not recommend the use of latches in FPGA designs, as they may lead to timing problems("/home/maddog/Documentos/Programacion/Verilog/TangNano9K/DisplayLetras/src/decoDisplayLetras.v":40)
NOTE  (EX0101) : Current top module is "decoDisplayLetras"
[5%] Running netlist conversion ...
Running device independent optimization ...
[10%] Optimizing Phase 0 completed
[15%] Optimizing Phase 1 completed
[25%] Optimizing Phase 2 completed
Running inference ...
[30%] Inferring Phase 0 completed
[40%] Inferring Phase 1 completed
[50%] Inferring Phase 2 completed
[55%] Inferring Phase 3 completed
Running technical mapping ...
[60%] Tech-Mapping Phase 0 completed
[65%] Tech-Mapping Phase 1 completed
WARN  (DI0003) : Latch inferred for net 'display[5]';We do not recommend the use of latches in FPGA designs, as they may lead to timing problems("/home/maddog/Documentos/Programacion/Verilog/TangNano9K/DisplayLetras/src/decoDisplayLetras.v":40)
WARN  (DI0003) : Latch inferred for net 'display[4]';We do not recommend the use of latches in FPGA designs, as they may lead to timing problems("/home/maddog/Documentos/Programacion/Verilog/TangNano9K/DisplayLetras/src/decoDisplayLetras.v":40)
WARN  (DI0003) : Latch inferred for net 'display[3]';We do not recommend the use of latches in FPGA designs, as they may lead to timing problems("/home/maddog/Documentos/Programacion/Verilog/TangNano9K/DisplayLetras/src/decoDisplayLetras.v":40)
WARN  (DI0003) : Latch inferred for net 'display[2]';We do not recommend the use of latches in FPGA designs, as they may lead to timing problems("/home/maddog/Documentos/Programacion/Verilog/TangNano9K/DisplayLetras/src/decoDisplayLetras.v":40)
WARN  (DI0003) : Latch inferred for net 'display[1]';We do not recommend the use of latches in FPGA designs, as they may lead to timing problems("/home/maddog/Documentos/Programacion/Verilog/TangNano9K/DisplayLetras/src/decoDisplayLetras.v":40)
WARN  (DI0003) : Latch inferred for net 'display[0]';We do not recommend the use of latches in FPGA designs, as they may lead to timing problems("/home/maddog/Documentos/Programacion/Verilog/TangNano9K/DisplayLetras/src/decoDisplayLetras.v":40)
WARN  (DI0003) : Latch inferred for net 'display[6]';We do not recommend the use of latches in FPGA designs, as they may lead to timing problems("/home/maddog/Documentos/Programacion/Verilog/TangNano9K/DisplayLetras/src/decoDisplayLetras.v":40)
[75%] Tech-Mapping Phase 2 completed
[80%] Tech-Mapping Phase 3 completed
[90%] Tech-Mapping Phase 4 completed
[95%] Generate netlist file "/home/maddog/Documentos/Programacion/Verilog/TangNano9K/DisplayLetras/impl/gwsynthesis/DisplayLetras.vg" completed
[100%] Generate report file "/home/maddog/Documentos/Programacion/Verilog/TangNano9K/DisplayLetras/impl/gwsynthesis/DisplayLetras_syn.rpt.html" completed
GowinSynthesis finish
